<?xml version="1.0" encoding="UTF-8"?>
<testng-results skipped="0" failed="1" total="2" passed="1">
  <reporter-output>
  </reporter-output>
  <suite name="Default suite" duration-ms="218" started-at="2017-12-11T15:49:28Z" finished-at="2017-12-11T15:49:28Z">
    <groups>
    </groups>
    <test name="Default test" duration-ms="218" started-at="2017-12-11T15:49:28Z" finished-at="2017-12-11T15:49:28Z">
      <class name="com.GitMaven.GitTest.TestTestNG">
        <test-method status="PASS" signature="Setup()[pri:0, instance:com.GitMaven.GitTest.TestTestNG@c7c2a6]" name="Setup" is-config="true" duration-ms="66" started-at="2017-12-11T21:19:28Z" finished-at="2017-12-11T21:19:28Z">
          <reporter-output>
          </reporter-output>
        </test-method> <!-- Setup -->
        <test-method status="PASS" signature="Test1()[pri:0, instance:com.GitMaven.GitTest.TestTestNG@c7c2a6]" name="Test1" duration-ms="53" started-at="2017-12-11T21:19:28Z" description="Test1" finished-at="2017-12-11T21:19:28Z">
          <reporter-output>
          </reporter-output>
        </test-method> <!-- Test1 -->
        <test-method status="PASS" signature="Setup()[pri:0, instance:com.GitMaven.GitTest.TestTestNG@c7c2a6]" name="Setup" is-config="true" duration-ms="0" started-at="2017-12-11T21:19:28Z" finished-at="2017-12-11T21:19:28Z">
          <reporter-output>
          </reporter-output>
        </test-method> <!-- Setup -->
        <test-method status="FAIL" signature="Test2()[pri:0, instance:com.GitMaven.GitTest.TestTestNG@c7c2a6]" name="Test2" duration-ms="10" started-at="2017-12-11T21:19:28Z" description="Test2" finished-at="2017-12-11T21:19:28Z">
          <exception class="java.lang.AssertionError">
            <message>
              <![CDATA[expected [kaizar] but found [Kaizar]]]>
            </message>
            <full-stacktrace>
              <![CDATA[java.lang.AssertionError: expected [kaizar] but found [Kaizar]
	at org.testng.Assert.fail(Assert.java:94)
	at org.testng.Assert.failNotEquals(Assert.java:513)
	at org.testng.Assert.assertEqualsImpl(Assert.java:135)
	at org.testng.Assert.assertEquals(Assert.java:116)
	at org.testng.Assert.assertEquals(Assert.java:190)
	at org.testng.Assert.assertEquals(Assert.java:200)
	at com.GitMaven.GitTest.TestTestNG.Test2(TestTestNG.java:23)
	at sun.reflect.NativeMethodAccessorImpl.invoke0(Native Method)
	at sun.reflect.NativeMethodAccessorImpl.invoke(NativeMethodAccessorImpl.java:62)
	at sun.reflect.DelegatingMethodAccessorImpl.invoke(DelegatingMethodAccessorImpl.java:43)
	at java.lang.reflect.Method.invoke(Method.java:498)
	at org.testng.internal.MethodInvocationHelper.invokeMethod(MethodInvocationHelper.java:86)
	at org.testng.internal.Invoker.invokeMethod(Invoker.java:643)
	at org.testng.internal.Invoker.invokeTestMethod(Invoker.java:820)
	at org.testng.internal.Invoker.invokeTestMethods(Invoker.java:1128)
	at org.testng.internal.TestMethodWorker.invokeTestMethods(TestMethodWorker.java:129)
	at org.testng.internal.TestMethodWorker.run(TestMethodWorker.java:112)
	at org.testng.TestRunner.privateRun(TestRunner.java:782)
	at org.testng.TestRunner.run(TestRunner.java:632)
	at org.testng.SuiteRunner.runTest(SuiteRunner.java:366)
	at org.testng.SuiteRunner.runSequentially(SuiteRunner.java:361)
	at org.testng.SuiteRunner.privateRun(SuiteRunner.java:319)
	at org.testng.SuiteRunner.run(SuiteRunner.java:268)
	at org.testng.SuiteRunnerWorker.runSuite(SuiteRunnerWorker.java:52)
	at org.testng.SuiteRunnerWorker.run(SuiteRunnerWorker.java:86)
	at org.testng.TestNG.runSuitesSequentially(TestNG.java:1244)
	at org.testng.TestNG.runSuitesLocally(TestNG.java:1169)
	at org.testng.TestNG.run(TestNG.java:1064)
	at org.testng.remote.AbstractRemoteTestNG.run(AbstractRemoteTestNG.java:132)
	at org.testng.remote.RemoteTestNG.initAndRun(RemoteTestNG.java:230)
	at org.testng.remote.RemoteTestNG.main(RemoteTestNG.java:76)
]]>
            </full-stacktrace>
          </exception> <!-- java.lang.AssertionError -->
          <reporter-output>
          </reporter-output>
        </test-method> <!-- Test2 -->
      </class> <!-- com.GitMaven.GitTest.TestTestNG -->
    </test> <!-- Default test -->
  </suite> <!-- Default suite -->
</testng-results>
